執行程式:locate_jpmed.py
執行時間:20200319 16:38:37
執行狀態:1
---------------------------------------
執行程式:locate_helthin.py
執行時間:20200319 16:42:53
執行狀態:0
---------------------------------------
執行程式:locate_helthin.py
執行時間:20200319 16:45:10
執行狀態:0
---------------------------------------
執行程式:locate_helthin.py
執行時間:20200319 16:46:42
執行狀態:0
---------------------------------------
執行程式:locate_helthin.py
執行時間:20200319 16:48:14
執行狀態:1
---------------------------------------
執行程式:locate_helthin.py
執行時間:20200319 21:16:11
執行狀態:1
---------------------------------------
執行程式:locate_helthin.py
執行時間:20200319 21:16:59
執行狀態:1
---------------------------------------
執行程式:locate_helthin.py
執行時間:20200319 21:19:21
執行狀態:1
---------------------------------------
執行程式:locate_helthin.py
執行時間:20200319 21:20:36
執行狀態:1
---------------------------------------
執行程式:locate_helthin.py
執行時間:20200319 21:22:07
執行狀態:1
---------------------------------------
執行程式:locate_helthin.py
執行時間:20200319 21:22:51
執行狀態:1
---------------------------------------
執行程式:locate_helthin.py
執行時間:20200319 21:23:18
執行狀態:1
---------------------------------------
執行程式:locate_helthin.py
執行時間:20200319 21:23:55
執行狀態:1
---------------------------------------
執行程式:locate_helthin.py
執行時間:20200319 21:25:50
執行狀態:1
---------------------------------------
執行程式:locate_helthin.py
執行時間:20200319 21:26:31
執行狀態:1
---------------------------------------
執行程式:locate_helthin.py
執行時間:20200319 21:27:07
執行狀態:1
---------------------------------------
執行程式:locate_helthin.py
執行時間:20200319 21:28:15
執行狀態:1
---------------------------------------
執行程式:locate_helthin.py
執行時間:20200319 21:29:15
執行狀態:1
---------------------------------------
執行程式:locate_helthin.py
執行時間:20200319 21:30:44
執行狀態:1
---------------------------------------
執行程式:locate_helthin.py
執行時間:20200319 21:31:10
執行狀態:1
---------------------------------------
執行程式:locate_helthin.py
執行時間:20200319 21:32:15
執行狀態:1
---------------------------------------
